c:\users\madel\desktop\progra 1\proyecto aeropuerto\proyecto aeropuerto\x64\debug\vc143.pdb
c:\users\madel\desktop\progra 1\proyecto aeropuerto\proyecto aeropuerto\x64\debug\vc143.idb
c:\users\madel\desktop\progra 1\proyecto aeropuerto\proyecto aeropuerto\x64\debug\tripulacion.obj
c:\users\madel\desktop\progra 1\proyecto aeropuerto\proyecto aeropuerto\x64\debug\principal.obj
c:\users\madel\desktop\progra 1\proyecto aeropuerto\proyecto aeropuerto\x64\debug\plaza.obj
c:\users\madel\desktop\progra 1\proyecto aeropuerto\proyecto aeropuerto\x64\debug\planta.obj
c:\users\madel\desktop\progra 1\proyecto aeropuerto\proyecto aeropuerto\x64\debug\miscelaneo.obj
c:\users\madel\desktop\progra 1\proyecto aeropuerto\proyecto aeropuerto\x64\debug\fecha.obj
c:\users\madel\desktop\progra 1\proyecto aeropuerto\proyecto aeropuerto\x64\debug\empleado.obj
c:\users\madel\desktop\progra 1\proyecto aeropuerto\proyecto aeropuerto\x64\debug\contratoporservicioprofesional.obj
c:\users\madel\desktop\progra 1\proyecto aeropuerto\proyecto aeropuerto\x64\debug\contratodetiempoindefinido.obj
c:\users\madel\desktop\progra 1\proyecto aeropuerto\proyecto aeropuerto\x64\debug\contratodeplazofijo.obj
c:\users\madel\desktop\progra 1\proyecto aeropuerto\proyecto aeropuerto\x64\debug\contratobase.obj
c:\users\madel\desktop\progra 1\proyecto aeropuerto\proyecto aeropuerto\x64\debug\azafata.obj
c:\users\madel\desktop\progra 1\proyecto aeropuerto\proyecto aeropuerto\x64\debug\proyecto aeropuerto.ilk
c:\users\madel\desktop\progra 1\proyecto aeropuerto\x64\debug\proyecto aeropuerto.exe
c:\users\madel\desktop\progra 1\proyecto aeropuerto\x64\debug\proyecto aeropuerto.pdb
c:\users\madel\desktop\progra 1\proyecto aeropuerto\proyecto aeropuerto\x64\debug\proyecto.645f6965.tlog\cl.command.1.tlog
c:\users\madel\desktop\progra 1\proyecto aeropuerto\proyecto aeropuerto\x64\debug\proyecto.645f6965.tlog\cl.items.tlog
c:\users\madel\desktop\progra 1\proyecto aeropuerto\proyecto aeropuerto\x64\debug\proyecto.645f6965.tlog\cl.read.1.tlog
c:\users\madel\desktop\progra 1\proyecto aeropuerto\proyecto aeropuerto\x64\debug\proyecto.645f6965.tlog\cl.write.1.tlog
c:\users\madel\desktop\progra 1\proyecto aeropuerto\proyecto aeropuerto\x64\debug\proyecto.645f6965.tlog\link.command.1.tlog
c:\users\madel\desktop\progra 1\proyecto aeropuerto\proyecto aeropuerto\x64\debug\proyecto.645f6965.tlog\link.read.1.tlog
c:\users\madel\desktop\progra 1\proyecto aeropuerto\proyecto aeropuerto\x64\debug\proyecto.645f6965.tlog\link.write.1.tlog
